*** Start analyzing build configuration ***
INFO: Auto-config - Scanning: /home/student/mgibas/Desktop/sdup/simple_speech_recognition
INFO: Auto-config - VLOG: /home/student/mgibas/Desktop/sdup/simple_speech_recognition
INFO: Auto-config - VHDL: /home/student/mgibas/Desktop/sdup/simple_speech_recognition
INFO: Auto-config - Wrote:
    .dvt/default.build.auto.1
*** List of included argument files ***
    Build configuration file:  /home/student/mgibas/Desktop/sdup/simple_speech_recognition/.dvt/default.build
    -f /home/student/mgibas/Desktop/sdup/simple_speech_recognition/.dvt/default.build.auto.1
*** List of invocations ***
Invocation #1 +dvt_init+dvt in /home/student/mgibas/Desktop/sdup/simple_speech_recognition/.dvt/default.build.auto.1 at line 9
Invocation #2 +dvt_init+dvt in /home/student/mgibas/Desktop/sdup/simple_speech_recognition/.dvt/default.build.auto.1 at line 60
*** Done analyzing build configuration [2s.829ms] ***
*** Start VHDL build ***
*** Invocation #2***
Loading (1) /home/student/mgibas/Desktop/sdup/simple_speech_recognition/rtl/audio_processing_opt/mel_filter/ip/mult_gen_0/synth/mult_gen_0.vhd ...
Done /home/student/mgibas/Desktop/sdup/simple_speech_recognition/rtl/audio_processing_opt/mel_filter/ip/mult_gen_0/synth/mult_gen_0.vhd [7 ms, 153 lines, VHDL_2008] ...
Loading (2) /home/student/mgibas/Desktop/sdup/simple_speech_recognition/rtl/audio_processing_opt/mel_filter/ip/mult_gen_0/sim/mult_gen_0.vhd ...
Done /home/student/mgibas/Desktop/sdup/simple_speech_recognition/rtl/audio_processing_opt/mel_filter/ip/mult_gen_0/sim/mult_gen_0.vhd [3 ms, 147 lines, VHDL_2008] ...
Loading (3) /home/student/mgibas/Desktop/sdup/simple_speech_recognition/rtl/adc/i2c_master.vhd ...
Done /home/student/mgibas/Desktop/sdup/simple_speech_recognition/rtl/adc/i2c_master.vhd [12 ms, 249 lines, VHDL_2008] ...
Loading (4) /home/student/mgibas/Desktop/sdup/simple_speech_recognition/rtl/adc/pmod_adc_ad7991.vhd ...
Done /home/student/mgibas/Desktop/sdup/simple_speech_recognition/rtl/adc/pmod_adc_ad7991.vhd [6 ms, 176 lines, VHDL_2008] ...
Loading (5) /home/student/mgibas/Desktop/sdup/simple_speech_recognition/rtl/audio_processing_opt/mel_filter/ip/mult_gen_0/hdl/mult_gen_v12_0_vh_rfs.vhd ...
Done /home/student/mgibas/Desktop/sdup/simple_speech_recognition/rtl/audio_processing_opt/mel_filter/ip/mult_gen_0/hdl/mult_gen_v12_0_vh_rfs.vhd [176 ms, 17682 lines, VHDL_2008] ...
Loading (6) /home/student/mgibas/Desktop/sdup/simple_speech_recognition/rtl/audio_processing_opt/mel_filter/ip/mult_gen_0/hdl/xbip_bram18k_v3_0_vh_rfs.vhd ...
Done /home/student/mgibas/Desktop/sdup/simple_speech_recognition/rtl/audio_processing_opt/mel_filter/ip/mult_gen_0/hdl/xbip_bram18k_v3_0_vh_rfs.vhd [20 ms, 1325 lines, VHDL_2008] ...
Loading (7) /home/student/mgibas/Desktop/sdup/simple_speech_recognition/rtl/audio_processing_opt/mel_filter/ip/mult_gen_0/hdl/xbip_pipe_v3_0_vh_rfs.vhd ...
Done /home/student/mgibas/Desktop/sdup/simple_speech_recognition/rtl/audio_processing_opt/mel_filter/ip/mult_gen_0/hdl/xbip_pipe_v3_0_vh_rfs.vhd [7 ms, 433 lines, VHDL_2008] ...
Loading (8) /home/student/mgibas/Desktop/sdup/simple_speech_recognition/rtl/audio_processing_opt/mel_filter/ip/mult_gen_0/hdl/xbip_utils_v3_0_vh_rfs.vhd ...
Done /home/student/mgibas/Desktop/sdup/simple_speech_recognition/rtl/audio_processing_opt/mel_filter/ip/mult_gen_0/hdl/xbip_utils_v3_0_vh_rfs.vhd [28 ms, 2508 lines, VHDL_2008] ...
*** Done invocation #2 [371 ms] ***
Total number of lines [22 673]
Performing post full build step 1 (VHDL - RU) [10 ms] ...
*** Done VHDL build [896 ms] ***
*** Start SystemVerilog build ***
*** Total number of lines [0] ***
Performing post full build actions ...
Performing post full build step 1 (SRI) [0 ms] ...
Performing post full build step 2 (RI) [1 ms] ...
Performing post full build step 3 (RCP) [0 ms] ...
*** Done SystemVerilog build [15 ms] ***
*** Start mixed mode extension build ***
Performing mixed post full build step (VHDL - RU) [5 ms] ...
*** Warning: DEPRECATED_PACKAGE: Package 'ieee.std_logic_unsigned' is deprecated, use 'IEEE.NUMERIC_STD' standard package
    at line 34 in /home/student/mgibas/Desktop/sdup/simple_speech_recognition/rtl/adc/i2c_master.vhd [compile index 3]
*** Error: UNDECLARED_LIBRARY: Library 'mult_gen_v12_0_19' is not declared
    at line 56 in /home/student/mgibas/Desktop/sdup/simple_speech_recognition/rtl/audio_processing_opt/mel_filter/ip/mult_gen_0/synth/mult_gen_0.vhd [compile index 1]
*** Error: UNDECLARED_LIBRARY: Library 'mult_gen_v12_0_19' is not declared
    at line 57 in /home/student/mgibas/Desktop/sdup/simple_speech_recognition/rtl/audio_processing_opt/mel_filter/ip/mult_gen_0/synth/mult_gen_0.vhd [compile index 1]
*** Error: UNDECLARED_LIBRARY: Library 'mult_gen_v12_0_19' is not declared
    at line 56 in /home/student/mgibas/Desktop/sdup/simple_speech_recognition/rtl/audio_processing_opt/mel_filter/ip/mult_gen_0/sim/mult_gen_0.vhd [compile index 2]
*** Error: UNDECLARED_LIBRARY: Library 'mult_gen_v12_0_19' is not declared
    at line 57 in /home/student/mgibas/Desktop/sdup/simple_speech_recognition/rtl/audio_processing_opt/mel_filter/ip/mult_gen_0/sim/mult_gen_0.vhd [compile index 2]
Performing mixed post full build step (VHDL - RT) [100 ms] ...
Performing mixed post full build step (VHDL - RD) [8 ms] ...
Performing mixed post full build step (VHDL - FSC) [102 ms] ...
Performing mixed post full build step (VLOG - RI) [0 ms] ...
*** Warning: UNSPECIFIED_TOP: Please specify a -top module/entity/configuration in the project build file
*** Top design candidates: work.mult_gen_0, work.pmod_adc_ad7991
Performing mixed post full build step (MIXED - ELAB) [262 ms] ...
Performing mixed post full build step (MIXED - UNEL) [53 ms] ...
*** Warning: UNRESOLVED_COMPONENT: Component 'mult_gen_v12_0_19' of instance 'U0' is not bound
    at line 114 in /home/student/mgibas/Desktop/sdup/simple_speech_recognition/rtl/audio_processing_opt/mel_filter/ip/mult_gen_0/sim/mult_gen_0.vhd [compile index 2]
*** Warning: UNELABORATED_ENTITY: Entity 'work.mult_gen_0' is not elaborated
    at line 59 in /home/student/mgibas/Desktop/sdup/simple_speech_recognition/rtl/audio_processing_opt/mel_filter/ip/mult_gen_0/synth/mult_gen_0.vhd [compile index 1]
Performing mixed post full build step (VHDL - ELPC) [0 ms] ...
Performing mixed post full build step (VHDL - US) [12 ms] ...
Performing mixed post full build step (VHDL - USBD) [50 ms] ...
*** Warning: DUPLICATE_ENTITY: Duplicate entity 'mult_gen_0' already declared
    at line 59 in /home/student/mgibas/Desktop/sdup/simple_speech_recognition/rtl/audio_processing_opt/mel_filter/ip/mult_gen_0/synth/mult_gen_0.vhd
    at line 59 in /home/student/mgibas/Desktop/sdup/simple_speech_recognition/rtl/audio_processing_opt/mel_filter/ip/mult_gen_0/sim/mult_gen_0.vhd [compile index 2]
*** Warning: MISSING_OTHERS_CHOICE: Case choice 'others' is not defined
    at line 120 in /home/student/mgibas/Desktop/sdup/simple_speech_recognition/rtl/adc/i2c_master.vhd [compile index 3]
*** Warning: OTHERS_CHOICE_USED: Case choice 'others' used for non-explicit enumerated choices 'ready, command, wr, mstr_ack'
    at line 230 in /home/student/mgibas/Desktop/sdup/simple_speech_recognition/rtl/adc/i2c_master.vhd [compile index 3]
*** Warning: REDUNDANT_OTHERS_CHOICE: Case choice 'others' is redundant
    at line 168 in /home/student/mgibas/Desktop/sdup/simple_speech_recognition/rtl/adc/pmod_adc_ad7991.vhd [compile index 4]
*** Warning: SIGNAL_NEVER_USED: Signal 'config' is never used
    at line 44 in /home/student/mgibas/Desktop/sdup/simple_speech_recognition/rtl/adc/pmod_adc_ad7991.vhd [compile index 4]
*** Warning: SIGNAL_NEVER_WRITTEN: Signal 'i2c_data_wr' is never written (connected to sub-instance input port)
    at line 48 in /home/student/mgibas/Desktop/sdup/simple_speech_recognition/rtl/adc/pmod_adc_ad7991.vhd [compile index 4]
*** Warning: SIGNAL_NEVER_READ: Signal 'i2c_ack_err' is never read (connected to sub-instance output port)
    at line 34 in /home/student/mgibas/Desktop/sdup/simple_speech_recognition/rtl/adc/pmod_adc_ad7991.vhd [compile index 4]
Performing mixed post full build step (VLOG - RD) [1 ms] ...
Performing mixed post full build step (VLOG - FSC) [51 ms] ...
Performing mixed post full build step (VLOG - EV) [50 ms] ...
Performing mixed post full build step (VLOG - ELPC) [0 ms] ...
Performing mixed post full build step (VLOG - US) [50 ms] ...
*** Done mixed mode extension build [765 ms] ***
*** Total build time [4s.511ms] ***
