#-----------------------------------------------------------
# Vivado v2021.2 (64-bit)
# SW Build 3367213 on Tue Oct 19 02:47:39 MDT 2021
# IP Build 3369179 on Thu Oct 21 08:25:16 MDT 2021
# Start of session at: Tue Jun  9 19:48:56 2026
# Process ID: 27085
# Current directory: /home/student/mgibas/Desktop/sdup/simple_speech_recognition
# Command line: vivado -mode gui -source fpga/scripts/create_project.tcl
# Log file: /home/student/mgibas/Desktop/sdup/simple_speech_recognition/vivado.log
# Journal file: /home/student/mgibas/Desktop/sdup/simple_speech_recognition/vivado.jou
# Running On: cadence22, OS: Linux, CPU Frequency: 3961.132 MHz, CPU Physical cores: 4, Host memory: 16720 MB
#-----------------------------------------------------------
start_gui
source fpga/scripts/create_project.tcl
# set _script_dir [file dirname [file normalize [info script]]]
# set _fpga_dir   [file dirname $_script_dir]
# cd $_fpga_dir
# source scripts/project_details.tcl
## set project_name ssr_project
## set top_module   top_ssr_basys3
## set target       xc7a35tcpg236-1
## set xdc_files {
##     constraints/top_ssr_basys3.xdc
## }
## set sv_files {
##     ../rtl/ssr_pkg.sv
##     ../rtl/neural_network/nn_parameters.sv
## 
##     ../rtl/data_source/bram_stream_source.sv
##     ../rtl/dsp/preemphasis.sv
##     ../rtl/dsp/framing.sv
##     ../rtl/dsp/window.sv
##     ../rtl/dsp/fft_wrapper.sv
##     ../rtl/dsp/mel_filter_bank.sv
##     ../rtl/dsp/mfcc.sv
##     ../rtl/dsp/feature_aggregator.sv
## 
##     ../rtl/neural_network/dense_layer.sv
##     ../rtl/neural_network/final_layer.sv
##     ../rtl/neural_network/top_nn.sv
##     ../rtl/neural_network/top_nn_axis.sv
## 
##     ../rtl/led_logic/led_logic.sv
## 
##     ../rtl/axi/axi4lite_regs.sv
##     ../rtl/top_ssr.sv
## 
##     rtl/top_ssr_basys3.sv
## }
## set mem_files {
##     ../rtl/dsp/window_hamming_512.mem
##     ../rtl/dsp/twiddle_cos_512.mem
##     ../rtl/dsp/twiddle_sin_512.mem
##     ../rtl/dsp/mel_bank_dense.mem
##     ../rtl/dsp/dct_coeffs.mem
##     ../rtl/neural_network/dense1_weights.mem
##     ../rtl/neural_network/dense1_bias.mem
##     ../rtl/neural_network/dense2_weights.mem
##     ../rtl/neural_network/dense2_bias.mem
##     ../data/samples.mem
## }
# set proj_dir build
# if {[file exists $proj_dir]} {
#     puts "==> Usuwam istniejacy katalog projektu: $proj_dir"
#     file delete -force $proj_dir
# }
# create_project ${project_name} ${proj_dir} -part ${target} -force
WARNING: [Board 49-26] cannot add Board Part xilinx.com:k26c:part0:1.2 available at /home_local/Xilinx/Vivado/2021.2/data/xhub/boards/XilinxBoardStore/boards/Xilinx/k26c/1.2/board.xml as part xck26-sfvc784-2lv-c specified in board_part file is either invalid or not available
WARNING: [Board 49-26] cannot add Board Part xilinx.com:k26c:part0:1.3 available at /home_local/Xilinx/Vivado/2021.2/data/xhub/boards/XilinxBoardStore/boards/Xilinx/k26c/1.3/board.xml as part xck26-sfvc784-2lv-c specified in board_part file is either invalid or not available
WARNING: [Board 49-26] cannot add Board Part xilinx.com:k26i:part0:1.2 available at /home_local/Xilinx/Vivado/2021.2/data/xhub/boards/XilinxBoardStore/boards/Xilinx/k26i/1.2/board.xml as part xck26-sfvc784-2lvi-i specified in board_part file is either invalid or not available
WARNING: [Board 49-26] cannot add Board Part xilinx.com:k26i:part0:1.3 available at /home_local/Xilinx/Vivado/2021.2/data/xhub/boards/XilinxBoardStore/boards/Xilinx/k26i/1.3/board.xml as part xck26-sfvc784-2lvi-i specified in board_part file is either invalid or not available
WARNING: [Board 49-26] cannot add Board Part xilinx.com:kc705:part0:1.6 available at /home_local/Xilinx/Vivado/2021.2/data/xhub/boards/XilinxBoardStore/boards/Xilinx/kc705/1.6/board.xml as part xc7k325tffg900-2 specified in board_part file is either invalid or not available
WARNING: [Board 49-26] cannot add Board Part xilinx.com:kcu105:part0:1.6 available at /home_local/Xilinx/Vivado/2021.2/data/xhub/boards/XilinxBoardStore/boards/Xilinx/kcu105/1.6/board.xml as part xcku040-ffva1156-2-e specified in board_part file is either invalid or not available
WARNING: [Board 49-26] cannot add Board Part xilinx.com:kcu105:part0:1.7 available at /home_local/Xilinx/Vivado/2021.2/data/xhub/boards/XilinxBoardStore/boards/Xilinx/kcu105/1.7/board.xml as part xcku040-ffva1156-2-e specified in board_part file is either invalid or not available
WARNING: [Board 49-26] cannot add Board Part xilinx.com:kcu116:part0:1.4 available at /home_local/Xilinx/Vivado/2021.2/data/xhub/boards/XilinxBoardStore/boards/Xilinx/kcu116/1.4/board.xml as part xcku5p-ffvb676-2-e specified in board_part file is either invalid or not available
WARNING: [Board 49-26] cannot add Board Part xilinx.com:kcu116:part0:1.5 available at /home_local/Xilinx/Vivado/2021.2/data/xhub/boards/XilinxBoardStore/boards/Xilinx/kcu116/1.5/board.xml as part xcku5p-ffvb676-2-e specified in board_part file is either invalid or not available
WARNING: [Board 49-26] cannot add Board Part xilinx.com:kcu1500:part0:1.2 available at /home_local/Xilinx/Vivado/2021.2/data/xhub/boards/XilinxBoardStore/boards/Xilinx/kcu1500/1.2/board.xml as part xcku115-flvb2104-2-e specified in board_part file is either invalid or not available
WARNING: [Board 49-26] cannot add Board Part xilinx.com:kv260_som:part0:1.2 available at /home_local/Xilinx/Vivado/2021.2/data/xhub/boards/XilinxBoardStore/boards/Xilinx/kv260_som/1.2/board.xml as part xck26-sfvc784-2lv-c specified in board_part file is either invalid or not available
WARNING: [Board 49-26] cannot add Board Part xilinx.com:sp701:part0:1.0 available at /home_local/Xilinx/Vivado/2021.2/data/xhub/boards/XilinxBoardStore/boards/Xilinx/sp701/1.0/board.xml as part xc7s100fgga676-2 specified in board_part file is either invalid or not available
WARNING: [Board 49-26] cannot add Board Part xilinx.com:sp701:part0:1.1 available at /home_local/Xilinx/Vivado/2021.2/data/xhub/boards/XilinxBoardStore/boards/Xilinx/sp701/1.1/board.xml as part xc7s100fgga676-2 specified in board_part file is either invalid or not available
WARNING: [Board 49-26] cannot add Board Part xilinx.com:vc707:part0:1.4 available at /home_local/Xilinx/Vivado/2021.2/data/xhub/boards/XilinxBoardStore/boards/Xilinx/vc707/1.4/board.xml as part xc7vx485tffg1761-2 specified in board_part file is either invalid or not available
WARNING: [Board 49-26] cannot add Board Part xilinx.com:vc709:part0:1.8 available at /home_local/Xilinx/Vivado/2021.2/data/xhub/boards/XilinxBoardStore/boards/Xilinx/vc709/1.8/board.xml as part xc7vx690tffg1761-2 specified in board_part file is either invalid or not available
WARNING: [Board 49-26] cannot add Board Part xilinx.com:vck190:part0:2.2 available at /home_local/Xilinx/Vivado/2021.2/data/xhub/boards/XilinxBoardStore/boards/Xilinx/vck190/production/2.2/board.xml as part xcvc1902-vsva2197-2mp-e-s specified in board_part file is either invalid or not available
WARNING: [Board 49-26] cannot add Board Part xilinx.com:vck190_es:part0:1.3 available at /home_local/Xilinx/Vivado/2021.2/data/xhub/boards/XilinxBoardStore/boards/Xilinx/vck190/es/1.3/board.xml as part xcvc1902-vsva2197-2mp-e-s-es1 specified in board_part file is either invalid or not available
WARNING: [Board 49-26] cannot add Board Part xilinx.com:vcu108:part0:1.6 available at /home_local/Xilinx/Vivado/2021.2/data/xhub/boards/XilinxBoardStore/boards/Xilinx/vcu108/1.6/board.xml as part xcvu095-ffva2104-2-e specified in board_part file is either invalid or not available
WARNING: [Board 49-26] cannot add Board Part xilinx.com:vcu108:part0:1.7 available at /home_local/Xilinx/Vivado/2021.2/data/xhub/boards/XilinxBoardStore/boards/Xilinx/vcu108/1.7/board.xml as part xcvu095-ffva2104-2-e specified in board_part file is either invalid or not available
WARNING: [Board 49-26] cannot add Board Part xilinx.com:vcu110:part0:1.4 available at /home_local/Xilinx/Vivado/2021.2/data/xhub/boards/XilinxBoardStore/boards/Xilinx/vcu110/1.4/board.xml as part xcvu190-flgc2104-2-e specified in board_part file is either invalid or not available
WARNING: [Board 49-26] cannot add Board Part xilinx.com:vcu118:part0:2.0 available at /home_local/Xilinx/Vivado/2021.2/data/xhub/boards/XilinxBoardStore/boards/Xilinx/vcu118/2.0/board.xml as part xcvu9p-flga2104-2l-e specified in board_part file is either invalid or not available
WARNING: [Board 49-26] cannot add Board Part xilinx.com:vcu118:part0:2.3 available at /home_local/Xilinx/Vivado/2021.2/data/xhub/boards/XilinxBoardStore/boards/Xilinx/vcu118/2.3/board.xml as part xcvu9p-flga2104-2l-e specified in board_part file is either invalid or not available
WARNING: [Board 49-26] cannot add Board Part xilinx.com:vcu118:part0:2.4 available at /home_local/Xilinx/Vivado/2021.2/data/xhub/boards/XilinxBoardStore/boards/Xilinx/vcu118/2.4/board.xml as part xcvu9p-flga2104-2l-e specified in board_part file is either invalid or not available
WARNING: [Board 49-26] cannot add Board Part xilinx.com:vcu128:part0:1.0 available at /home_local/Xilinx/Vivado/2021.2/data/xhub/boards/XilinxBoardStore/boards/Xilinx/vcu128/production/1.0/board.xml as part xcvu37p-fsvh2892-2l-e specified in board_part file is either invalid or not available
WARNING: [Board 49-26] cannot add Board Part xilinx.com:vcu129:part0:1.0 available at /home_local/Xilinx/Vivado/2021.2/data/xhub/boards/XilinxBoardStore/boards/Xilinx/vcu129/production/1.0/board.xml as part xcvu29p-fsga2577-2l-e specified in board_part file is either invalid or not available
WARNING: [Board 49-26] cannot add Board Part xilinx.com:vcu1525:part0:1.3 available at /home_local/Xilinx/Vivado/2021.2/data/xhub/boards/XilinxBoardStore/boards/Xilinx/vcu1525/1.3/board.xml as part xcvu9p-fsgd2104-2l-e specified in board_part file is either invalid or not available
WARNING: [Board 49-26] cannot add Board Part xilinx.com:vermeo_t1_mpsoc:part0:1.0 available at /home_local/Xilinx/Vivado/2021.2/data/xhub/boards/XilinxBoardStore/boards/Xilinx/vermeo_t1_mpsoc/1.0/board.xml as part xczu19eg-ffvd1760-2l-e specified in board_part file is either invalid or not available
WARNING: [Board 49-26] cannot add Board Part xilinx.com:vermeo_t1_rfsoc:part0:1.0 available at /home_local/Xilinx/Vivado/2021.2/data/xhub/boards/XilinxBoardStore/boards/Xilinx/vermeo_t1_rfsoc/1.0/board.xml as part xczu21dr-ffvd1156-2l-e specified in board_part file is either invalid or not available
WARNING: [Board 49-26] cannot add Board Part xilinx.com:vmk180:part0:2.2 available at /home_local/Xilinx/Vivado/2021.2/data/xhub/boards/XilinxBoardStore/boards/Xilinx/vmk180/production/2.2/board.xml as part xcvm1802-vsva2197-2mp-e-s specified in board_part file is either invalid or not available
WARNING: [Board 49-26] cannot add Board Part xilinx.com:vmk180_es:part0:1.3 available at /home_local/Xilinx/Vivado/2021.2/data/xhub/boards/XilinxBoardStore/boards/Xilinx/vmk180/es/1.3/board.xml as part xcvm1802-vsva2197-2mp-e-s-es1 specified in board_part file is either invalid or not available
WARNING: [Board 49-26] cannot add Board Part xilinx.com:vpk120_es:part0:1.2 available at /home_local/Xilinx/Vivado/2021.2/data/xhub/boards/XilinxBoardStore/boards/Xilinx/vpk120/es/1.2/board.xml as part xcvp1202-vsva2785-2mp-e-s-es1 specified in board_part file is either invalid or not available
WARNING: [Board 49-26] cannot add Board Part xilinx.com:zc702:part0:1.4 available at /home_local/Xilinx/Vivado/2021.2/data/xhub/boards/XilinxBoardStore/boards/Xilinx/zc702/1.4/board.xml as part xc7z020clg484-1 specified in board_part file is either invalid or not available
WARNING: [Board 49-26] cannot add Board Part xilinx.com:zc706:part0:1.4 available at /home_local/Xilinx/Vivado/2021.2/data/xhub/boards/XilinxBoardStore/boards/Xilinx/zc706/1.4/board.xml as part xc7z045ffg900-2 specified in board_part file is either invalid or not available
WARNING: [Board 49-26] cannot add Board Part xilinx.com:zcu102:part0:3.3 available at /home_local/Xilinx/Vivado/2021.2/data/xhub/boards/XilinxBoardStore/boards/Xilinx/zcu102/3.3/board.xml as part xczu9eg-ffvb1156-2-e specified in board_part file is either invalid or not available
WARNING: [Board 49-26] cannot add Board Part xilinx.com:zcu102:part0:3.4 available at /home_local/Xilinx/Vivado/2021.2/data/xhub/boards/XilinxBoardStore/boards/Xilinx/zcu102/3.4/board.xml as part xczu9eg-ffvb1156-2-e specified in board_part file is either invalid or not available
WARNING: [Board 49-26] cannot add Board Part xilinx.com:zcu104:part0:1.1 available at /home_local/Xilinx/Vivado/2021.2/data/xhub/boards/XilinxBoardStore/boards/Xilinx/zcu104/1.1/board.xml as part xczu7ev-ffvc1156-2-e specified in board_part file is either invalid or not available
WARNING: [Board 49-26] cannot add Board Part xilinx.com:zcu106:part0:2.4 available at /home_local/Xilinx/Vivado/2021.2/data/xhub/boards/XilinxBoardStore/boards/Xilinx/zcu106/2.4/board.xml as part xczu7ev-ffvc1156-2-e specified in board_part file is either invalid or not available
WARNING: [Board 49-26] cannot add Board Part xilinx.com:zcu106:part0:2.5 available at /home_local/Xilinx/Vivado/2021.2/data/xhub/boards/XilinxBoardStore/boards/Xilinx/zcu106/2.5/board.xml as part xczu7ev-ffvc1156-2-e specified in board_part file is either invalid or not available
WARNING: [Board 49-26] cannot add Board Part xilinx.com:zcu106:part0:2.6 available at /home_local/Xilinx/Vivado/2021.2/data/xhub/boards/XilinxBoardStore/boards/Xilinx/zcu106/2.6/board.xml as part xczu7ev-ffvc1156-2-e specified in board_part file is either invalid or not available
WARNING: [Board 49-26] cannot add Board Part xilinx.com:zcu111:part0:1.2 available at /home_local/Xilinx/Vivado/2021.2/data/xhub/boards/XilinxBoardStore/boards/Xilinx/zcu111/1.2/board.xml as part xczu28dr-ffvg1517-2-e specified in board_part file is either invalid or not available
WARNING: [Board 49-26] cannot add Board Part xilinx.com:zcu111:part0:1.3 available at /home_local/Xilinx/Vivado/2021.2/data/xhub/boards/XilinxBoardStore/boards/Xilinx/zcu111/1.3/board.xml as part xczu28dr-ffvg1517-2-e specified in board_part file is either invalid or not available
WARNING: [Board 49-26] cannot add Board Part xilinx.com:zcu111:part0:1.4 available at /home_local/Xilinx/Vivado/2021.2/data/xhub/boards/XilinxBoardStore/boards/Xilinx/zcu111/1.4/board.xml as part xczu28dr-ffvg1517-2-e specified in board_part file is either invalid or not available
WARNING: [Board 49-26] cannot add Board Part xilinx.com:zcu1275:part0:1.0 available at /home_local/Xilinx/Vivado/2021.2/data/xhub/boards/XilinxBoardStore/boards/Xilinx/zcu1275/1.0/board.xml as part xczu29dr-ffvf1760-2-e specified in board_part file is either invalid or not available
WARNING: [Board 49-26] cannot add Board Part xilinx.com:zcu1285:part0:1.0 available at /home_local/Xilinx/Vivado/2021.2/data/xhub/boards/XilinxBoardStore/boards/Xilinx/zcu1285/1.0/board.xml as part xczu39dr-ffvf1760-2-i specified in board_part file is either invalid or not available
WARNING: [Board 49-26] cannot add Board Part xilinx.com:zcu208:part0:2.0 available at /home_local/Xilinx/Vivado/2021.2/data/xhub/boards/XilinxBoardStore/boards/Xilinx/zcu208/production/2.0/board.xml as part xczu48dr-fsvg1517-2-e specified in board_part file is either invalid or not available
WARNING: [Board 49-26] cannot add Board Part xilinx.com:zcu208_es:part0:1.0 available at /home_local/Xilinx/Vivado/2021.2/data/xhub/boards/XilinxBoardStore/boards/Xilinx/zcu208/es/1.0/board.xml as part xczu48dr-fsvg1517-2-e-es1 specified in board_part file is either invalid or not available
WARNING: [Board 49-26] cannot add Board Part xilinx.com:zcu208_es:part0:1.1 available at /home_local/Xilinx/Vivado/2021.2/data/xhub/boards/XilinxBoardStore/boards/Xilinx/zcu208/es/1.1/board.xml as part xczu48dr-fsvg1517-2-e-es1 specified in board_part file is either invalid or not available
WARNING: [Board 49-26] cannot add Board Part xilinx.com:zcu208_es:part0:1.2 available at /home_local/Xilinx/Vivado/2021.2/data/xhub/boards/XilinxBoardStore/boards/Xilinx/zcu208/es/1.2/board.xml as part xczu48dr-fsvg1517-2-e-es1 specified in board_part file is either invalid or not available
WARNING: [Board 49-26] cannot add Board Part xilinx.com:zcu208ld:part0:2.0 available at /home_local/Xilinx/Vivado/2021.2/data/xhub/boards/XilinxBoardStore/boards/Xilinx/zcu208ld/production/2.0/board.xml as part xczu58dr-fsvg1517-2-i specified in board_part file is either invalid or not available
WARNING: [Board 49-26] cannot add Board Part xilinx.com:zcu208ld_es:part0:1.0 available at /home_local/Xilinx/Vivado/2021.2/data/xhub/boards/XilinxBoardStore/boards/Xilinx/zcu208ld/es/1.0/board.xml as part xczu58dr-fsvg1517-2-i-es1 specified in board_part file is either invalid or not available
WARNING: [Board 49-26] cannot add Board Part xilinx.com:zcu216:part0:2.0 available at /home_local/Xilinx/Vivado/2021.2/data/xhub/boards/XilinxBoardStore/boards/Xilinx/zcu216/production/2.0/board.xml as part xczu49dr-ffvf1760-2-e specified in board_part file is either invalid or not available
WARNING: [Board 49-26] cannot add Board Part xilinx.com:zcu216_es:part0:1.0 available at /home_local/Xilinx/Vivado/2021.2/data/xhub/boards/XilinxBoardStore/boards/Xilinx/zcu216/es/1.0/board.xml as part xczu49dr-ffvf1760-2-e-es1 specified in board_part file is either invalid or not available
WARNING: [Board 49-26] cannot add Board Part xilinx.com:zcu216_es:part0:1.1 available at /home_local/Xilinx/Vivado/2021.2/data/xhub/boards/XilinxBoardStore/boards/Xilinx/zcu216/es/1.1/board.xml as part xczu49dr-ffvf1760-2-e-es1 specified in board_part file is either invalid or not available
WARNING: [Board 49-26] cannot add Board Part xilinx.com:zcu216_es:part0:1.2 available at /home_local/Xilinx/Vivado/2021.2/data/xhub/boards/XilinxBoardStore/boards/Xilinx/zcu216/es/1.2/board.xml as part xczu49dr-ffvf1760-2-e-es1 specified in board_part file is either invalid or not available
WARNING: [Board 49-26] cannot add Board Part xilinx.com:zcu216ld:part0:2.0 available at /home_local/Xilinx/Vivado/2021.2/data/xhub/boards/XilinxBoardStore/boards/Xilinx/zcu216ld/production/2.0/board.xml as part xczu59dr-ffvf1760-2-i specified in board_part file is either invalid or not available
WARNING: [Board 49-26] cannot add Board Part xilinx.com:zcu216ld_es:part0:1.0 available at /home_local/Xilinx/Vivado/2021.2/data/xhub/boards/XilinxBoardStore/boards/Xilinx/zcu216ld/es/1.0/board.xml as part xczu59dr-ffvf1760-2-i-es1 specified in board_part file is either invalid or not available
WARNING: [Board 49-26] cannot add Board Part xilinx.com:zcu670:part0:1.0 available at /home_local/Xilinx/Vivado/2021.2/data/xhub/boards/XilinxBoardStore/boards/Xilinx/zcu670/1.0/board.xml as part xczu67dr-fsve1156-2-i specified in board_part file is either invalid or not available
INFO: [IP_Flow 19-234] Refreshing IP repositories
INFO: [IP_Flow 19-1704] No user IP repositories specified
INFO: [IP_Flow 19-2313] Loaded Vivado IP repository '/home_local/Xilinx/Vivado/2021.2/data/ip'.
create_project: Time (s): cpu = 00:00:23 ; elapsed = 00:00:09 . Memory (MB): peak = 7770.906 ; gain = 65.645 ; free physical = 3873 ; free virtual = 16304
# if {[info exists ::sv_files]} {
#     add_files -norecurse -fileset sources_1 ${::sv_files}
#     set_property file_type SystemVerilog [get_files -filter {FILE_TYPE == Verilog}]
# }
WARNING: [Vivado 12-818] No files matched '*'
ERROR: [Common 17-55] 'set_property' expects at least one object.
Resolution: If [get_<value>] was used to populate the object, check to make sure this command returns at least one valid object.
update_compile_order -fileset sources_1
update_compile_order -fileset sources_1
launch_simulation
Command: launch_simulation 
INFO: [Vivado 12-12493] Simulation top is 'top_ssr_basys3'
WARNING: [Vivado 12-12986] Compiled library path does not exist: ''
INFO: [Vivado 12-5682] Launching behavioral simulation in '/home/student/mgibas/Desktop/sdup/simple_speech_recognition/fpga/build/ssr_project.sim/sim_1/behav/xsim'
INFO: [SIM-utils-51] Simulation object is 'sim_1'
INFO: [SIM-utils-72] Using boost library from '/home_local/Xilinx/Vivado/2021.2/tps/boost_1_72_0'
INFO: [SIM-utils-54] Inspecting design source files for 'top_ssr_basys3' in fileset 'sim_1'...
INFO: [USF-XSim-97] Finding global include files...
INFO: [USF-XSim-98] Fetching design files from 'sim_1'...
INFO: [USF-XSim-2] XSim::Compile design
INFO: [USF-XSim-61] Executing 'COMPILE and ANALYZE' step in '/home/student/mgibas/Desktop/sdup/simple_speech_recognition/fpga/build/ssr_project.sim/sim_1/behav/xsim'
xvlog --incr --relax -L uvm -prj top_ssr_basys3_vlog.prj
INFO: [VRFC 10-2263] Analyzing SystemVerilog file "/home/student/mgibas/Desktop/sdup/simple_speech_recognition/rtl/axi/axi4lite_regs.sv" into library xil_defaultlib
INFO: [VRFC 10-311] analyzing module axi4lite_regs
INFO: [VRFC 10-2263] Analyzing SystemVerilog file "/home/student/mgibas/Desktop/sdup/simple_speech_recognition/rtl/ssr_pkg.sv" into library xil_defaultlib
INFO: [VRFC 10-2263] Analyzing SystemVerilog file "/home/student/mgibas/Desktop/sdup/simple_speech_recognition/rtl/data_source/bram_stream_source.sv" into library xil_defaultlib
INFO: [VRFC 10-311] analyzing module bram_stream_source
INFO: [VRFC 10-2263] Analyzing SystemVerilog file "/home/student/mgibas/Desktop/sdup/simple_speech_recognition/rtl/neural_network/nn_parameters.sv" into library xil_defaultlib
INFO: [VRFC 10-2263] Analyzing SystemVerilog file "/home/student/mgibas/Desktop/sdup/simple_speech_recognition/rtl/neural_network/dense_layer.sv" into library xil_defaultlib
INFO: [VRFC 10-311] analyzing module dense_layer
INFO: [VRFC 10-2263] Analyzing SystemVerilog file "/home/student/mgibas/Desktop/sdup/simple_speech_recognition/rtl/dsp/feature_aggregator.sv" into library xil_defaultlib
INFO: [VRFC 10-311] analyzing module feature_aggregator
INFO: [VRFC 10-2263] Analyzing SystemVerilog file "/home/student/mgibas/Desktop/sdup/simple_speech_recognition/rtl/dsp/fft_wrapper.sv" into library xil_defaultlib
INFO: [VRFC 10-311] analyzing module fft_wrapper
INFO: [VRFC 10-2263] Analyzing SystemVerilog file "/home/student/mgibas/Desktop/sdup/simple_speech_recognition/rtl/neural_network/final_layer.sv" into library xil_defaultlib
INFO: [VRFC 10-311] analyzing module final_layer
INFO: [VRFC 10-2263] Analyzing SystemVerilog file "/home/student/mgibas/Desktop/sdup/simple_speech_recognition/rtl/dsp/framing.sv" into library xil_defaultlib
INFO: [VRFC 10-311] analyzing module framing
INFO: [VRFC 10-2263] Analyzing SystemVerilog file "/home/student/mgibas/Desktop/sdup/simple_speech_recognition/rtl/led_logic/led_logic.sv" into library xil_defaultlib
INFO: [VRFC 10-311] analyzing module led_logic
INFO: [VRFC 10-2263] Analyzing SystemVerilog file "/home/student/mgibas/Desktop/sdup/simple_speech_recognition/rtl/dsp/mel_filter_bank.sv" into library xil_defaultlib
INFO: [VRFC 10-311] analyzing module mel_filter_bank
INFO: [VRFC 10-2263] Analyzing SystemVerilog file "/home/student/mgibas/Desktop/sdup/simple_speech_recognition/rtl/dsp/mfcc.sv" into library xil_defaultlib
INFO: [VRFC 10-311] analyzing module mfcc
INFO: [VRFC 10-2263] Analyzing SystemVerilog file "/home/student/mgibas/Desktop/sdup/simple_speech_recognition/rtl/dsp/preemphasis.sv" into library xil_defaultlib
INFO: [VRFC 10-311] analyzing module preemphasis
INFO: [VRFC 10-2263] Analyzing SystemVerilog file "/home/student/mgibas/Desktop/sdup/simple_speech_recognition/rtl/neural_network/top_nn.sv" into library xil_defaultlib
INFO: [VRFC 10-311] analyzing module top_nn
INFO: [VRFC 10-2263] Analyzing SystemVerilog file "/home/student/mgibas/Desktop/sdup/simple_speech_recognition/rtl/neural_network/top_nn_axis.sv" into library xil_defaultlib
INFO: [VRFC 10-311] analyzing module top_nn_axis
INFO: [VRFC 10-2263] Analyzing SystemVerilog file "/home/student/mgibas/Desktop/sdup/simple_speech_recognition/rtl/top_ssr.sv" into library xil_defaultlib
INFO: [VRFC 10-311] analyzing module top_ssr
INFO: [VRFC 10-2263] Analyzing SystemVerilog file "/home/student/mgibas/Desktop/sdup/simple_speech_recognition/rtl/dsp/window.sv" into library xil_defaultlib
INFO: [VRFC 10-311] analyzing module window
INFO: [VRFC 10-2263] Analyzing SystemVerilog file "/home/student/mgibas/Desktop/sdup/simple_speech_recognition/fpga/rtl/top_ssr_basys3.sv" into library xil_defaultlib
INFO: [VRFC 10-311] analyzing module top_ssr_basys3
INFO: [VRFC 10-2263] Analyzing Verilog file "/home/student/mgibas/Desktop/sdup/simple_speech_recognition/fpga/build/ssr_project.sim/sim_1/behav/xsim/glbl.v" into library xil_defaultlib
INFO: [VRFC 10-311] analyzing module glbl
Waiting for jobs to finish...
No pending jobs, compilation finished.
INFO: [USF-XSim-69] 'compile' step finished in '2' seconds
INFO: [USF-XSim-3] XSim::Elaborate design
INFO: [USF-XSim-61] Executing 'ELABORATE' step in '/home/student/mgibas/Desktop/sdup/simple_speech_recognition/fpga/build/ssr_project.sim/sim_1/behav/xsim'
xelab --incr --debug typical --relax --mt 8 -L xil_defaultlib -L uvm -L unisims_ver -L unimacro_ver -L secureip --snapshot top_ssr_basys3_behav xil_defaultlib.top_ssr_basys3 xil_defaultlib.glbl -log elaborate.log
Vivado Simulator v2021.2
Copyright 1986-1999, 2001-2021 Xilinx, Inc. All Rights Reserved.
Running: /home_local/Xilinx/Vivado/2021.2/bin/unwrapped/lnx64.o/xelab --incr --debug typical --relax --mt 8 -L xil_defaultlib -L uvm -L unisims_ver -L unimacro_ver -L secureip --snapshot top_ssr_basys3_behav xil_defaultlib.top_ssr_basys3 xil_defaultlib.glbl -log elaborate.log 
Using 8 slave threads.
Starting static elaboration
Pass Through NonSizing Optimizer
Completed static elaboration
Starting simulation data flow analysis
WARNING: [XSIM 43-4100] "/home/student/mgibas/Desktop/sdup/simple_speech_recognition/fpga/rtl/top_ssr_basys3.sv" Line 15. Module top_ssr_basys3 has a timescale but at least one module in design doesn't have timescale.
WARNING: [XSIM 43-4100] "/home/student/mgibas/Desktop/sdup/simple_speech_recognition/fpga/rtl/top_ssr_basys3.sv" Line 15. Module top_ssr_basys3 has a timescale but at least one module in design doesn't have timescale.
WARNING: [XSIM 43-4100] "/home/student/mgibas/Desktop/sdup/simple_speech_recognition/fpga/build/ssr_project.sim/sim_1/behav/xsim/glbl.v" Line 6. Module glbl has a timescale but at least one module in design doesn't have timescale.
WARNING: [XSIM 43-4100] "/home/student/mgibas/Desktop/sdup/simple_speech_recognition/fpga/build/ssr_project.sim/sim_1/behav/xsim/glbl.v" Line 6. Module glbl has a timescale but at least one module in design doesn't have timescale.
Completed simulation data flow analysis
Time Resolution for simulation is 1ps
Compiling package xil_defaultlib.ssr_pkg
Compiling package xil_defaultlib.nn_parameters
Compiling module xil_defaultlib.axi4lite_regs
Compiling module xil_defaultlib.bram_stream_source_default
Compiling module xil_defaultlib.preemphasis
Compiling module xil_defaultlib.framing_default
Compiling module xil_defaultlib.window_default
Compiling module xil_defaultlib.fft_wrapper_default
Compiling module xil_defaultlib.mel_filter_bank_default
Compiling module xil_defaultlib.mfcc_default
Compiling module xil_defaultlib.feature_aggregator_default
Compiling module xil_defaultlib.dense_layer_default
Compiling module xil_defaultlib.dense_layer(IN_SIZE=32,OUT_SIZE=...
Compiling module xil_defaultlib.final_layer
Compiling module xil_defaultlib.top_nn
Compiling module xil_defaultlib.top_nn_axis_default
Compiling module xil_defaultlib.led_logic
Compiling module xil_defaultlib.top_ssr
Compiling module xil_defaultlib.top_ssr_basys3
Compiling module xil_defaultlib.glbl
Built simulation snapshot top_ssr_basys3_behav
run_program: Time (s): cpu = 00:00:03 ; elapsed = 00:00:05 . Memory (MB): peak = 7856.090 ; gain = 1.996 ; free physical = 3167 ; free virtual = 15819
INFO: [USF-XSim-69] 'elaborate' step finished in '5' seconds
INFO: [USF-XSim-4] XSim::Simulate design
INFO: [USF-XSim-61] Executing 'SIMULATE' step in '/home/student/mgibas/Desktop/sdup/simple_speech_recognition/fpga/build/ssr_project.sim/sim_1/behav/xsim'
INFO: [USF-XSim-98] *** Running xsim
   with args "top_ssr_basys3_behav -key {Behavioral:sim_1:Functional:top_ssr_basys3} -tclbatch {top_ssr_basys3.tcl} -log {simulate.log}"
INFO: [USF-XSim-8] Loading simulator feature
Time resolution is 1 ps
source top_ssr_basys3.tcl
# set curr_wave [current_wave_config]
# if { [string length $curr_wave] == 0 } {
#   if { [llength [get_objects]] > 0} {
#     add_wave /
#     set_property needs_save false [current_wave_config]
#   } else {
#      send_msg_id Add_Wave-1 WARNING "No top level signals found. Simulator will start without a wave window. If you want to open a wave window go to 'File->New Waveform Configuration' or type 'create_wave_config' in the TCL console."
#   }
# }
# run 1000ns
WARNING: File samples.mem referenced on /home/student/mgibas/Desktop/sdup/simple_speech_recognition/rtl/data_source/bram_stream_source.sv at line 40 cannot be opened for reading. Please ensure that this file is available in the current working directory.
WARNING: File window_hamming_512.mem referenced on /home/student/mgibas/Desktop/sdup/simple_speech_recognition/rtl/dsp/window.sv at line 41 cannot be opened for reading. Please ensure that this file is available in the current working directory.
WARNING: File twiddle_cos_512.mem referenced on /home/student/mgibas/Desktop/sdup/simple_speech_recognition/rtl/dsp/fft_wrapper.sv at line 57 cannot be opened for reading. Please ensure that this file is available in the current working directory.
WARNING: File twiddle_sin_512.mem referenced on /home/student/mgibas/Desktop/sdup/simple_speech_recognition/rtl/dsp/fft_wrapper.sv at line 58 cannot be opened for reading. Please ensure that this file is available in the current working directory.
WARNING: File mel_bank_dense.mem referenced on /home/student/mgibas/Desktop/sdup/simple_speech_recognition/rtl/dsp/mel_filter_bank.sv at line 48 cannot be opened for reading. Please ensure that this file is available in the current working directory.
WARNING: File dct_coeffs.mem referenced on /home/student/mgibas/Desktop/sdup/simple_speech_recognition/rtl/dsp/mfcc.sv at line 81 cannot be opened for reading. Please ensure that this file is available in the current working directory.
WARNING: File dense1_weights.mem referenced on /home/student/mgibas/Desktop/sdup/simple_speech_recognition/rtl/neural_network/dense_layer.sv at line 53 cannot be opened for reading. Please ensure that this file is available in the current working directory.
WARNING: File dense1_bias.mem referenced on /home/student/mgibas/Desktop/sdup/simple_speech_recognition/rtl/neural_network/dense_layer.sv at line 54 cannot be opened for reading. Please ensure that this file is available in the current working directory.
WARNING: File dense2_weights.mem referenced on /home/student/mgibas/Desktop/sdup/simple_speech_recognition/rtl/neural_network/dense_layer.sv at line 53 cannot be opened for reading. Please ensure that this file is available in the current working directory.
WARNING: File dense2_bias.mem referenced on /home/student/mgibas/Desktop/sdup/simple_speech_recognition/rtl/neural_network/dense_layer.sv at line 54 cannot be opened for reading. Please ensure that this file is available in the current working directory.
INFO: [USF-XSim-96] XSim completed. Design snapshot 'top_ssr_basys3_behav' loaded.
INFO: [USF-XSim-97] XSim simulation ran for 1000ns
launch_simulation: Time (s): cpu = 00:00:11 ; elapsed = 00:00:10 . Memory (MB): peak = 7922.078 ; gain = 67.988 ; free physical = 3089 ; free virtual = 15753
launch_runs synth_1 -jobs 4
WARNING: [Vivado 12-7122] Auto Incremental Compile:: No reference checkpoint was found in run synth_1. Auto-incremental flow will not be run, the standard flow will be run instead.
[Tue Jun  9 19:50:32 2026] Launched synth_1...
Run output will be captured here: /home/student/mgibas/Desktop/sdup/simple_speech_recognition/fpga/build/ssr_project.runs/synth_1/runme.log
reset_run synth_1
launch_runs synth_1 -jobs 4
WARNING: [Vivado 12-7122] Auto Incremental Compile:: No reference checkpoint was found in run synth_1. Auto-incremental flow will not be run, the standard flow will be run instead.
[Tue Jun  9 20:27:25 2026] Launched synth_1...
Run output will be captured here: /home/student/mgibas/Desktop/sdup/simple_speech_recognition/fpga/build/ssr_project.runs/synth_1/runme.log
close_sim
INFO: [Simtcl 6-16] Simulation closed
set_property include_dirs [list \
  [file normalize ./data] \
  [file normalize ./rtl/dsp] \
  [file normalize ./rtl/neural_network]] [get_filesets sources_1]
reset_run synth_1
launch_runs synth_1 -jobs 4
WARNING: [Vivado 12-7122] Auto Incremental Compile:: No reference checkpoint was found in run synth_1. Auto-incremental flow will not be run, the standard flow will be run instead.
[Tue Jun  9 20:41:51 2026] Launched synth_1...
Run output will be captured here: /home/student/mgibas/Desktop/sdup/simple_speech_recognition/fpga/build/ssr_project.runs/synth_1/runme.log
add_files -norecurse /home/student/mgibas/Desktop/sdup/simple_speech_recognition/data/samples.mem
reset_run synth_1
launch_runs synth_1 -jobs 4
WARNING: [Vivado 12-7122] Auto Incremental Compile:: No reference checkpoint was found in run synth_1. Auto-incremental flow will not be run, the standard flow will be run instead.
[Tue Jun  9 20:44:26 2026] Launched synth_1...
Run output will be captured here: /home/student/mgibas/Desktop/sdup/simple_speech_recognition/fpga/build/ssr_project.runs/synth_1/runme.log
reset_run synth_1
launch_runs synth_1 -jobs 4
WARNING: [Vivado 12-7122] Auto Incremental Compile:: No reference checkpoint was found in run synth_1. Auto-incremental flow will not be run, the standard flow will be run instead.
[Tue Jun  9 20:56:43 2026] Launched synth_1...
Run output will be captured here: /home/student/mgibas/Desktop/sdup/simple_speech_recognition/fpga/build/ssr_project.runs/synth_1/runme.log
launch_runs impl_1 -jobs 4
[Tue Jun  9 21:04:13 2026] Launched impl_1...
Run output will be captured here: /home/student/mgibas/Desktop/sdup/simple_speech_recognition/fpga/build/ssr_project.runs/impl_1/runme.log
launch_simulation
Command: launch_simulation 
INFO: [Vivado 12-12493] Simulation top is 'top_ssr_basys3'
WARNING: [Vivado 12-12986] Compiled library path does not exist: ''
INFO: [Vivado 12-5682] Launching behavioral simulation in '/home/student/mgibas/Desktop/sdup/simple_speech_recognition/fpga/build/ssr_project.sim/sim_1/behav/xsim'
INFO: [SIM-utils-51] Simulation object is 'sim_1'
INFO: [SIM-utils-72] Using boost library from '/home_local/Xilinx/Vivado/2021.2/tps/boost_1_72_0'
INFO: [SIM-utils-54] Inspecting design source files for 'top_ssr_basys3' in fileset 'sim_1'...
INFO: [SIM-utils-43] Exported '/home/student/mgibas/Desktop/sdup/simple_speech_recognition/fpga/build/ssr_project.sim/sim_1/behav/xsim/samples.mem'
INFO: [USF-XSim-97] Finding global include files...
INFO: [USF-XSim-98] Fetching design files from 'sim_1'...
INFO: [USF-XSim-2] XSim::Compile design
INFO: [USF-XSim-61] Executing 'COMPILE and ANALYZE' step in '/home/student/mgibas/Desktop/sdup/simple_speech_recognition/fpga/build/ssr_project.sim/sim_1/behav/xsim'
xvlog --incr --relax -L uvm -prj top_ssr_basys3_vlog.prj
INFO: [VRFC 10-2263] Analyzing SystemVerilog file "/home/student/mgibas/Desktop/sdup/simple_speech_recognition/rtl/axi/axi4lite_regs.sv" into library xil_defaultlib
INFO: [VRFC 10-311] analyzing module axi4lite_regs
INFO: [VRFC 10-2263] Analyzing SystemVerilog file "/home/student/mgibas/Desktop/sdup/simple_speech_recognition/rtl/ssr_pkg.sv" into library xil_defaultlib
INFO: [VRFC 10-2263] Analyzing SystemVerilog file "/home/student/mgibas/Desktop/sdup/simple_speech_recognition/rtl/data_source/bram_stream_source.sv" into library xil_defaultlib
INFO: [VRFC 10-311] analyzing module bram_stream_source
INFO: [VRFC 10-2263] Analyzing SystemVerilog file "/home/student/mgibas/Desktop/sdup/simple_speech_recognition/rtl/neural_network/nn_parameters.sv" into library xil_defaultlib
INFO: [VRFC 10-2263] Analyzing SystemVerilog file "/home/student/mgibas/Desktop/sdup/simple_speech_recognition/rtl/neural_network/dense_layer.sv" into library xil_defaultlib
INFO: [VRFC 10-311] analyzing module dense_layer
INFO: [VRFC 10-2263] Analyzing SystemVerilog file "/home/student/mgibas/Desktop/sdup/simple_speech_recognition/rtl/dsp/feature_aggregator.sv" into library xil_defaultlib
INFO: [VRFC 10-311] analyzing module feature_aggregator
INFO: [VRFC 10-2263] Analyzing SystemVerilog file "/home/student/mgibas/Desktop/sdup/simple_speech_recognition/rtl/dsp/fft_wrapper.sv" into library xil_defaultlib
INFO: [VRFC 10-311] analyzing module fft_wrapper
INFO: [VRFC 10-2263] Analyzing SystemVerilog file "/home/student/mgibas/Desktop/sdup/simple_speech_recognition/rtl/neural_network/final_layer.sv" into library xil_defaultlib
INFO: [VRFC 10-311] analyzing module final_layer
INFO: [VRFC 10-2263] Analyzing SystemVerilog file "/home/student/mgibas/Desktop/sdup/simple_speech_recognition/rtl/dsp/framing.sv" into library xil_defaultlib
INFO: [VRFC 10-311] analyzing module framing
INFO: [VRFC 10-2263] Analyzing SystemVerilog file "/home/student/mgibas/Desktop/sdup/simple_speech_recognition/rtl/led_logic/led_logic.sv" into library xil_defaultlib
INFO: [VRFC 10-311] analyzing module led_logic
INFO: [VRFC 10-2263] Analyzing SystemVerilog file "/home/student/mgibas/Desktop/sdup/simple_speech_recognition/rtl/dsp/mel_filter_bank.sv" into library xil_defaultlib
INFO: [VRFC 10-311] analyzing module mel_filter_bank
INFO: [VRFC 10-2263] Analyzing SystemVerilog file "/home/student/mgibas/Desktop/sdup/simple_speech_recognition/rtl/dsp/mfcc.sv" into library xil_defaultlib
INFO: [VRFC 10-311] analyzing module mfcc
INFO: [VRFC 10-2263] Analyzing SystemVerilog file "/home/student/mgibas/Desktop/sdup/simple_speech_recognition/rtl/dsp/preemphasis.sv" into library xil_defaultlib
INFO: [VRFC 10-311] analyzing module preemphasis
INFO: [VRFC 10-2263] Analyzing SystemVerilog file "/home/student/mgibas/Desktop/sdup/simple_speech_recognition/rtl/neural_network/top_nn.sv" into library xil_defaultlib
INFO: [VRFC 10-311] analyzing module top_nn
INFO: [VRFC 10-2263] Analyzing SystemVerilog file "/home/student/mgibas/Desktop/sdup/simple_speech_recognition/rtl/neural_network/top_nn_axis.sv" into library xil_defaultlib
INFO: [VRFC 10-311] analyzing module top_nn_axis
INFO: [VRFC 10-2263] Analyzing SystemVerilog file "/home/student/mgibas/Desktop/sdup/simple_speech_recognition/rtl/top_ssr.sv" into library xil_defaultlib
INFO: [VRFC 10-311] analyzing module top_ssr
INFO: [VRFC 10-2263] Analyzing SystemVerilog file "/home/student/mgibas/Desktop/sdup/simple_speech_recognition/rtl/dsp/window.sv" into library xil_defaultlib
INFO: [VRFC 10-311] analyzing module window
INFO: [VRFC 10-2263] Analyzing SystemVerilog file "/home/student/mgibas/Desktop/sdup/simple_speech_recognition/fpga/rtl/top_ssr_basys3.sv" into library xil_defaultlib
INFO: [VRFC 10-311] analyzing module top_ssr_basys3
Waiting for jobs to finish...
No pending jobs, compilation finished.
INFO: [USF-XSim-69] 'compile' step finished in '3' seconds
INFO: [USF-XSim-3] XSim::Elaborate design
INFO: [USF-XSim-61] Executing 'ELABORATE' step in '/home/student/mgibas/Desktop/sdup/simple_speech_recognition/fpga/build/ssr_project.sim/sim_1/behav/xsim'
xelab --incr --debug typical --relax --mt 8 -L xil_defaultlib -L uvm -L unisims_ver -L unimacro_ver -L secureip --snapshot top_ssr_basys3_behav xil_defaultlib.top_ssr_basys3 xil_defaultlib.glbl -log elaborate.log
Vivado Simulator v2021.2
Copyright 1986-1999, 2001-2021 Xilinx, Inc. All Rights Reserved.
Running: /home_local/Xilinx/Vivado/2021.2/bin/unwrapped/lnx64.o/xelab --incr --debug typical --relax --mt 8 -L xil_defaultlib -L uvm -L unisims_ver -L unimacro_ver -L secureip --snapshot top_ssr_basys3_behav xil_defaultlib.top_ssr_basys3 xil_defaultlib.glbl -log elaborate.log 
Using 8 slave threads.
Starting static elaboration
Pass Through NonSizing Optimizer
Completed static elaboration
Starting simulation data flow analysis
WARNING: [XSIM 43-4100] "/home/student/mgibas/Desktop/sdup/simple_speech_recognition/fpga/rtl/top_ssr_basys3.sv" Line 15. Module top_ssr_basys3 has a timescale but at least one module in design doesn't have timescale.
WARNING: [XSIM 43-4100] "/home/student/mgibas/Desktop/sdup/simple_speech_recognition/fpga/rtl/top_ssr_basys3.sv" Line 15. Module top_ssr_basys3 has a timescale but at least one module in design doesn't have timescale.
WARNING: [XSIM 43-4100] "/home/student/mgibas/Desktop/sdup/simple_speech_recognition/fpga/build/ssr_project.sim/sim_1/behav/xsim/glbl.v" Line 6. Module glbl has a timescale but at least one module in design doesn't have timescale.
WARNING: [XSIM 43-4100] "/home/student/mgibas/Desktop/sdup/simple_speech_recognition/fpga/build/ssr_project.sim/sim_1/behav/xsim/glbl.v" Line 6. Module glbl has a timescale but at least one module in design doesn't have timescale.
Completed simulation data flow analysis
Time Resolution for simulation is 1ps
Compiling package xil_defaultlib.ssr_pkg
Compiling package xil_defaultlib.nn_parameters
Compiling module xil_defaultlib.axi4lite_regs
Compiling module xil_defaultlib.bram_stream_source_default
Compiling module xil_defaultlib.preemphasis
Compiling module xil_defaultlib.framing_default
Compiling module xil_defaultlib.window_default
Compiling module xil_defaultlib.fft_wrapper_default
Compiling module xil_defaultlib.mel_filter_bank_default
Compiling module xil_defaultlib.mfcc_default
Compiling module xil_defaultlib.feature_aggregator_default
Compiling module xil_defaultlib.dense_layer_default
Compiling module xil_defaultlib.dense_layer(IN_SIZE=32,OUT_SIZE=...
Compiling module xil_defaultlib.final_layer
Compiling module xil_defaultlib.top_nn
Compiling module xil_defaultlib.top_nn_axis_default
Compiling module xil_defaultlib.led_logic
Compiling module xil_defaultlib.top_ssr
Compiling module xil_defaultlib.top_ssr_basys3
Compiling module xil_defaultlib.glbl
Built simulation snapshot top_ssr_basys3_behav
run_program: Time (s): cpu = 00:00:03 ; elapsed = 00:00:05 . Memory (MB): peak = 7966.242 ; gain = 0.000 ; free physical = 4610 ; free virtual = 14802
INFO: [USF-XSim-69] 'elaborate' step finished in '5' seconds
INFO: [USF-XSim-4] XSim::Simulate design
INFO: [USF-XSim-61] Executing 'SIMULATE' step in '/home/student/mgibas/Desktop/sdup/simple_speech_recognition/fpga/build/ssr_project.sim/sim_1/behav/xsim'
INFO: [USF-XSim-98] *** Running xsim
   with args "top_ssr_basys3_behav -key {Behavioral:sim_1:Functional:top_ssr_basys3} -tclbatch {top_ssr_basys3.tcl} -log {simulate.log}"
INFO: [USF-XSim-8] Loading simulator feature
Time resolution is 1 ps
source top_ssr_basys3.tcl
# set curr_wave [current_wave_config]
# if { [string length $curr_wave] == 0 } {
#   if { [llength [get_objects]] > 0} {
#     add_wave /
#     set_property needs_save false [current_wave_config]
#   } else {
#      send_msg_id Add_Wave-1 WARNING "No top level signals found. Simulator will start without a wave window. If you want to open a wave window go to 'File->New Waveform Configuration' or type 'create_wave_config' in the TCL console."
#   }
# }
# run 1000ns
WARNING: File window_hamming_512.mem referenced on /home/student/mgibas/Desktop/sdup/simple_speech_recognition/rtl/dsp/window.sv at line 41 cannot be opened for reading. Please ensure that this file is available in the current working directory.
WARNING: File twiddle_cos_512.mem referenced on /home/student/mgibas/Desktop/sdup/simple_speech_recognition/rtl/dsp/fft_wrapper.sv at line 57 cannot be opened for reading. Please ensure that this file is available in the current working directory.
WARNING: File twiddle_sin_512.mem referenced on /home/student/mgibas/Desktop/sdup/simple_speech_recognition/rtl/dsp/fft_wrapper.sv at line 58 cannot be opened for reading. Please ensure that this file is available in the current working directory.
WARNING: File mel_bank_dense.mem referenced on /home/student/mgibas/Desktop/sdup/simple_speech_recognition/rtl/dsp/mel_filter_bank.sv at line 48 cannot be opened for reading. Please ensure that this file is available in the current working directory.
WARNING: File dct_coeffs.mem referenced on /home/student/mgibas/Desktop/sdup/simple_speech_recognition/rtl/dsp/mfcc.sv at line 81 cannot be opened for reading. Please ensure that this file is available in the current working directory.
WARNING: File dense1_weights.mem referenced on /home/student/mgibas/Desktop/sdup/simple_speech_recognition/rtl/neural_network/dense_layer.sv at line 53 cannot be opened for reading. Please ensure that this file is available in the current working directory.
WARNING: File dense1_bias.mem referenced on /home/student/mgibas/Desktop/sdup/simple_speech_recognition/rtl/neural_network/dense_layer.sv at line 54 cannot be opened for reading. Please ensure that this file is available in the current working directory.
WARNING: File dense2_weights.mem referenced on /home/student/mgibas/Desktop/sdup/simple_speech_recognition/rtl/neural_network/dense_layer.sv at line 53 cannot be opened for reading. Please ensure that this file is available in the current working directory.
WARNING: File dense2_bias.mem referenced on /home/student/mgibas/Desktop/sdup/simple_speech_recognition/rtl/neural_network/dense_layer.sv at line 54 cannot be opened for reading. Please ensure that this file is available in the current working directory.
INFO: [USF-XSim-96] XSim completed. Design snapshot 'top_ssr_basys3_behav' loaded.
INFO: [USF-XSim-97] XSim simulation ran for 1000ns
launch_simulation: Time (s): cpu = 00:00:08 ; elapsed = 00:00:11 . Memory (MB): peak = 8019.266 ; gain = 53.023 ; free physical = 4580 ; free virtual = 14779
