INFO: [VRFC 10-2263] Analyzing SystemVerilog file "/home/student/mgibas/Desktop/sdup/simple_speech_recognition/rtl/axi/axi4lite_regs.sv" into library xil_defaultlib
INFO: [VRFC 10-311] analyzing module axi4lite_regs
INFO: [VRFC 10-2263] Analyzing SystemVerilog file "/home/student/mgibas/Desktop/sdup/simple_speech_recognition/rtl/ssr_pkg.sv" into library xil_defaultlib
INFO: [VRFC 10-2263] Analyzing SystemVerilog file "/home/student/mgibas/Desktop/sdup/simple_speech_recognition/rtl/data_source/bram_stream_source.sv" into library xil_defaultlib
INFO: [VRFC 10-311] analyzing module bram_stream_source
INFO: [VRFC 10-2263] Analyzing SystemVerilog file "/home/student/mgibas/Desktop/sdup/simple_speech_recognition/rtl/neural_network/nn_parameters.sv" into library xil_defaultlib
INFO: [VRFC 10-2263] Analyzing SystemVerilog file "/home/student/mgibas/Desktop/sdup/simple_speech_recognition/rtl/neural_network/dense_layer.sv" into library xil_defaultlib
INFO: [VRFC 10-311] analyzing module dense_layer
INFO: [VRFC 10-2263] Analyzing SystemVerilog file "/home/student/mgibas/Desktop/sdup/simple_speech_recognition/rtl/dsp/feature_aggregator.sv" into library xil_defaultlib
INFO: [VRFC 10-311] analyzing module feature_aggregator
INFO: [VRFC 10-2263] Analyzing SystemVerilog file "/home/student/mgibas/Desktop/sdup/simple_speech_recognition/rtl/dsp/fft_wrapper.sv" into library xil_defaultlib
INFO: [VRFC 10-311] analyzing module fft_wrapper
INFO: [VRFC 10-2263] Analyzing SystemVerilog file "/home/student/mgibas/Desktop/sdup/simple_speech_recognition/rtl/neural_network/final_layer.sv" into library xil_defaultlib
INFO: [VRFC 10-311] analyzing module final_layer
INFO: [VRFC 10-2263] Analyzing SystemVerilog file "/home/student/mgibas/Desktop/sdup/simple_speech_recognition/rtl/dsp/framing.sv" into library xil_defaultlib
INFO: [VRFC 10-311] analyzing module framing
INFO: [VRFC 10-2263] Analyzing SystemVerilog file "/home/student/mgibas/Desktop/sdup/simple_speech_recognition/rtl/led_logic/led_logic.sv" into library xil_defaultlib
INFO: [VRFC 10-311] analyzing module led_logic
INFO: [VRFC 10-2263] Analyzing SystemVerilog file "/home/student/mgibas/Desktop/sdup/simple_speech_recognition/rtl/dsp/mel_filter_bank.sv" into library xil_defaultlib
INFO: [VRFC 10-311] analyzing module mel_filter_bank
INFO: [VRFC 10-2263] Analyzing SystemVerilog file "/home/student/mgibas/Desktop/sdup/simple_speech_recognition/rtl/dsp/mfcc.sv" into library xil_defaultlib
INFO: [VRFC 10-311] analyzing module mfcc
INFO: [VRFC 10-2263] Analyzing SystemVerilog file "/home/student/mgibas/Desktop/sdup/simple_speech_recognition/rtl/dsp/preemphasis.sv" into library xil_defaultlib
INFO: [VRFC 10-311] analyzing module preemphasis
INFO: [VRFC 10-2263] Analyzing SystemVerilog file "/home/student/mgibas/Desktop/sdup/simple_speech_recognition/rtl/neural_network/top_nn.sv" into library xil_defaultlib
INFO: [VRFC 10-311] analyzing module top_nn
INFO: [VRFC 10-2263] Analyzing SystemVerilog file "/home/student/mgibas/Desktop/sdup/simple_speech_recognition/rtl/neural_network/top_nn_axis.sv" into library xil_defaultlib
INFO: [VRFC 10-311] analyzing module top_nn_axis
INFO: [VRFC 10-2263] Analyzing SystemVerilog file "/home/student/mgibas/Desktop/sdup/simple_speech_recognition/rtl/top_ssr.sv" into library xil_defaultlib
INFO: [VRFC 10-311] analyzing module top_ssr
INFO: [VRFC 10-2263] Analyzing SystemVerilog file "/home/student/mgibas/Desktop/sdup/simple_speech_recognition/rtl/dsp/window.sv" into library xil_defaultlib
INFO: [VRFC 10-311] analyzing module window
INFO: [VRFC 10-2263] Analyzing SystemVerilog file "/home/student/mgibas/Desktop/sdup/simple_speech_recognition/fpga/rtl/top_ssr_basys3.sv" into library xil_defaultlib
INFO: [VRFC 10-311] analyzing module top_ssr_basys3
